[2026-03-12 14:46:03] [32minfo[39m : [90mPOST /api/v1/auth/login[39m [32m200[39m [90m10073ms[39m
[2026-03-12 14:48:50] [32minfo[39m : [90mPOST /api/v1/auth/login[39m [32m200[39m [90m125ms[39m
[2026-03-12 14:56:03] [32minfo[39m : [90mPOST /api/v1/auth/login[39m [32m200[39m [90m51ms[39m
[2026-03-12 14:58:26] [32minfo[39m : [90mPOST /api/v1/auth/login[39m [33m400[39m [90m69ms[39m
[2026-03-12 14:58:31] [32minfo[39m : [90mPOST /api/v1/auth/login[39m [33m400[39m [90m3ms[39m
[2026-03-12 14:59:10] [32minfo[39m : [90mPOST /api/v1/auth/login[39m [33m400[39m [90m4ms[39m
[2026-03-12 14:59:29] [32minfo[39m : [90mPOST /api/v1/auth/login[39m [33m400[39m [90m3ms[39m
[2026-03-12 14:59:34] [32minfo[39m : [90mPOST /api/v1/auth/login[39m [33m400[39m [90m3ms[39m
[2026-03-12 14:59:36] [32minfo[39m : [90mPOST /api/v1/auth/login[39m [33m400[39m [90m4ms[39m
[2026-03-12 14:59:37] [32minfo[39m : [90mPOST /api/v1/auth/login[39m [33m400[39m [90m4ms[39m
[2026-03-12 14:59:39] [32minfo[39m : [90mPOST /api/v1/auth/login[39m [33m400[39m [90m4ms[39m
[2026-03-12 15:10:28] [32minfo[39m : [90mPOST /api/v1/auth/login[39m [33m400[39m [90m4ms[39m
[2026-03-12 15:10:35] [32minfo[39m : [90mPOST /api/v1/auth/login[39m [33m400[39m [90m4ms[39m
[2026-03-12 15:18:55] [32minfo[39m : [90mPOST /api/v1/auth/login[39m [33m400[39m [90m77ms[39m
[2026-03-12 15:19:25] [32minfo[39m : [90mPOST /api/v1/auth/login[39m [32m200[39m [90m108ms[39m
[2026-03-12 15:30:17] [32minfo[39m : [90mPOST /api/v1/auth/login[39m [33m400[39m [90m4ms[39m
[2026-03-12 15:30:47] [32minfo[39m : [90mPOST /api/v1/auth/login[39m [32m200[39m [90m92ms[39m
[2026-03-12 15:37:59] [32minfo[39m : [90mPOST /api/v1/auth/login[39m [32m200[39m [90m110ms[39m
[2026-03-12 15:40:23] [32minfo[39m : [90mPOST /api/v1/auth/login[39m [32m200[39m [90m160ms[39m
[2026-03-12 15:41:24] [32minfo[39m : [90mPOST /api/v1/auth/login[39m [32m200[39m [90m110ms[39m
[2026-03-12 15:43:14] [32minfo[39m : [90mPOST /api/v1/auth/login[39m [32m200[39m [90m81ms[39m
[2026-03-12 15:45:19] [32minfo[39m : [90mPOST /api/v1/auth/login[39m [32m200[39m [90m99ms[39m
[2026-03-12 15:46:46] [32minfo[39m : [90mPOST /api/v1/auth/login[39m [32m200[39m [90m107ms[39m
[2026-03-12 15:47:49] [32minfo[39m : [90mPOST /api/v1/auth/login[39m [33m400[39m [90m4ms[39m
[2026-03-12 15:48:00] [32minfo[39m : [90mPOST /api/v1/auth/login[39m [32m200[39m [90m81ms[39m
[2026-03-12 15:53:45] [32minfo[39m : [90mPOST /api/v1/auth/login[39m [32m200[39m [90m199ms[39m
[2026-03-12 16:05:39] [32minfo[39m : [90mPOST /api/v1/auth/login[39m [32m200[39m [90m168ms[39m
[2026-03-12 16:11:31] [32minfo[39m : [90mPOST /api/v1/auth/login[39m [32m200[39m [90m74ms[39m
[2026-03-12 16:18:49] [32minfo[39m : [90mPOST /api/v1/auth/login[39m [32m200[39m [90m334ms[39m
[2026-03-12 16:20:41] [32minfo[39m : [90mPOST /api/v1/auth/login[39m [32m200[39m [90m321ms[39m
[2026-03-12 16:23:16] [32minfo[39m : [90mPOST /api/v1/auth/login[39m [32m200[39m [90m323ms[39m
[2026-03-12 16:28:08] [32minfo[39m : [90mPOST /api/v1/auth/login[39m [32m200[39m [90m370ms[39m
[2026-03-12 17:11:57] [32minfo[39m : [90mPOST /api/v1/auth/login[39m [32m200[39m [90m335ms[39m
[2026-03-12 17:14:36] [32minfo[39m : [90mPOST /api/v1/auth/login[39m [32m200[39m [90m315ms[39m
[2026-03-12 17:14:56] [32minfo[39m : [90mPOST /api/v1/auth/login[39m [32m200[39m [90m125ms[39m
[2026-03-12 17:20:59] [32minfo[39m : [90mPOST /api/v1/auth/login[39m [32m200[39m [90m502ms[39m
[2026-03-12 17:21:17] [32minfo[39m : [90mPOST /api/v1/auth/login[39m [32m200[39m [90m165ms[39m
[2026-03-16 13:43:05] [32minfo[39m : [90mPOST /auth/login[39m [33m404[39m [90m1ms[39m
[2026-03-16 13:43:05] [32minfo[39m : HTTP POST /auth/login
[2026-03-16 13:43:24] [32minfo[39m : [90mPOST /api/v1/auth/login[39m [33m400[39m [90m8ms[39m
[2026-03-16 13:56:48] [32minfo[39m : [90mPOST /api/v1/auth/login[39m [33m400[39m [90m6ms[39m
[2026-03-16 14:02:24] [32minfo[39m : [90mPOST /api/v1/auth/login[39m [33m400[39m [90m5ms[39m
[2026-03-16 14:03:43] [32minfo[39m : [90mPOST /api/v1/auth/login[39m [33m400[39m [90m1ms[39m
[2026-03-16 14:05:54] [32minfo[39m : [90mPOST /api/v1/auth/login[39m [33m400[39m [90m1ms[39m
[2026-03-16 14:06:06] [32minfo[39m : [90mPOST /api/v1/auth/login[39m [33m400[39m [90m1ms[39m
[2026-03-16 14:23:00] [32minfo[39m : [90mPOST /api/v1/auth/login[39m [32m200[39m [90m11ms[39m
[2026-03-16 14:23:40] [32minfo[39m : [90mPOST /api/v1/auth/login[39m [32m200[39m [90m10ms[39m
[2026-03-16 14:26:39] [32minfo[39m : [90mPOST /api/v1/auth/login[39m [32m200[39m [90m9ms[39m
[2026-03-16 14:29:33] [32minfo[39m : [90mPOST /api/v1/auth/login[39m [31m500[39m [90m10ms[39m
[2026-03-16 14:31:52] [32minfo[39m : [90mPOST /api/v1/auth/login[39m [31m500[39m [90m8ms[39m
[2026-03-16 14:32:24] [32minfo[39m : [90mPOST /api/v1/auth/login[39m [31m500[39m [90m12ms[39m
[2026-03-16 14:37:37] [32minfo[39m : [90mPOST /api/v1/auth/login[39m [31m500[39m [90m11ms[39m
[2026-03-16 14:39:55] [32minfo[39m : [90mPOST /api/v1/auth/login[39m [32m200[39m [90m220ms[39m
[2026-03-16 14:43:20] [32minfo[39m : [90mPOST /api/v1/auth/login[39m [33m400[39m [90m2ms[39m
[2026-03-16 14:43:32] [32minfo[39m : [90mPOST /api/v1/auth/login[39m [33m401[39m [90m119ms[39m
[2026-03-16 14:43:43] [32minfo[39m : [90mPOST /api/v1/auth/login[39m [33m401[39m [90m119ms[39m
[2026-03-16 14:43:50] [32minfo[39m : [90mPOST /api/v1/auth/login[39m [32m200[39m [90m118ms[39m
[2026-03-16 14:52:40] [32minfo[39m : [90mPOST /api/v1/auth/login[39m [32m200[39m [90m125ms[39m
[2026-03-16 14:54:34] [32minfo[39m : [90mPOST /api/v1/auth/login[39m [32m200[39m [90m120ms[39m
[2026-03-16 14:56:08] [32minfo[39m : [90mPOST /api/v1/auth/login[39m [32m200[39m [90m120ms[39m
[2026-03-16 14:57:04] [32minfo[39m : [90mPOST /api/v1/admin-subadmin[39m [33m401[39m [90m0ms[39m
[2026-03-16 14:57:37] [32minfo[39m : [90mPOST /api/v1/admin-subadmin[39m [33m401[39m [90m0ms[39m
[2026-03-16 14:58:20] [32minfo[39m : [90mPOST /api/v1/admin-subadmin[39m [33m401[39m [90m3ms[39m
[2026-03-16 14:58:44] [32minfo[39m : [90mPOST /api/v1/admin-subadmin[39m [33m401[39m [90m3ms[39m
[2026-03-16 14:59:24] [32minfo[39m : [90mPOST /api/v1/admin-subadmin[39m [33m401[39m [90m1ms[39m
[2026-03-16 15:02:01] [32minfo[39m : [90mPOST /api/v1/auth/login[39m [32m200[39m [90m227ms[39m
[2026-03-16 15:02:23] [32minfo[39m : [90mPOST /api/v1/admin-subadmin[39m [33m401[39m [90m1ms[39m
[2026-03-16 15:06:10] [32minfo[39m : [90mPOST /api/v1/admin-subadmin[39m [33m401[39m [90m5ms[39m
[2026-03-16 15:06:24] [32minfo[39m : [90mPOST /api/v1/admin-subadmin[39m [33m401[39m [90m6ms[39m
[2026-03-16 15:07:26] [32minfo[39m : [90mPOST /api/v1/auth/login[39m [32m200[39m [90m208ms[39m
[2026-03-16 15:07:51] [32minfo[39m : [90mPOST /api/v1/admin-subadmin[39m [33m401[39m [90m1ms[39m
[2026-03-16 15:08:47] [32minfo[39m : [90mPOST /api/v1/admin-subadmin[39m [33m401[39m [90m1ms[39m
[2026-03-16 15:09:20] [32minfo[39m : [90mPOST /api/v1/admin-subadmin[39m [31m500[39m [90m6ms[39m
[2026-03-16 15:10:54] [32minfo[39m : [90mPOST /api/v1/admin-subadmin[39m [31m500[39m [90m6ms[39m
[2026-03-16 15:11:36] [32minfo[39m : [90mPOST /api/v1/admin-subadmin[39m [31m500[39m [90m6ms[39m
[2026-03-16 15:11:58] [32minfo[39m : [90mPOST /api/v1/admin-subadmin[39m [31m500[39m [90m1ms[39m
[2026-03-16 15:16:36] [32minfo[39m : [90mPOST /api/v1/admin-subadmin[39m [33m401[39m [90m6ms[39m
[2026-03-16 15:16:56] [32minfo[39m : [90mPOST /api/v1/admin-subadmin[39m [33m401[39m [90m1ms[39m
[2026-03-16 15:17:10] [32minfo[39m : [90mPOST /api/v1/auth/login[39m [32m200[39m [90m198ms[39m
[2026-03-16 15:17:27] [32minfo[39m : [90mPOST /api/v1/admin-subadmin[39m [33m401[39m [90m0ms[39m
[2026-03-16 15:17:42] [32minfo[39m : [90mPOST /api/v1/admin-subadmin[39m [33m400[39m [90m12ms[39m
[2026-03-16 15:19:58] [32minfo[39m : [90mPOST /api/v1/admin-subadmin[39m [33m400[39m [90m6ms[39m
[2026-03-16 15:20:06] [32minfo[39m : [90mPOST /api/v1/admin-subadmin[39m [33m401[39m [90m1ms[39m
[2026-03-16 15:20:15] [32minfo[39m : [90mPOST /api/v1/admin-subadmin[39m [33m401[39m [90m0ms[39m
[2026-03-16 15:20:51] [32minfo[39m : [90mPOST /api/v1/admin-subadmin[39m [33m401[39m [90m1ms[39m
[2026-03-16 15:20:59] [32minfo[39m : [90mPOST /api/v1/auth/login[39m [32m200[39m [90m123ms[39m
[2026-03-16 15:23:09] [32minfo[39m : [90mPOST /api/v1/auth/login[39m [32m200[39m [90m129ms[39m
[2026-03-16 15:23:14] [32minfo[39m : [90mPOST /api/v1/admin-subadmin[39m [33m401[39m [90m1ms[39m
[2026-03-16 15:28:22] [32minfo[39m : [90mPOST /api/v1/admin-subadmin[39m [33m401[39m [90m0ms[39m
[2026-03-16 15:28:46] [32minfo[39m : [90mPOST /api/v1/admin-subadmin[39m [33m401[39m [90m1ms[39m
[2026-03-16 15:29:34] [32minfo[39m : [90mPOST /api/v1/auth/login[39m [32m200[39m [90m121ms[39m
[2026-03-16 15:29:39] [32minfo[39m : [90mPOST /api/v1/admin-subadmin[39m [32m200[39m [90m1ms[39m
[2026-03-16 15:31:19] [32minfo[39m : [90mPOST /api/v1/auth/login[39m [32m200[39m [90m127ms[39m
[2026-03-16 15:31:30] [32minfo[39m : [90mPOST /api/v1/admin-subadmin[39m [33m401[39m [90m0ms[39m
[2026-03-16 15:32:38] [32minfo[39m : [90mPOST /api/v1/auth/login[39m [32m200[39m [90m118ms[39m
[2026-03-16 15:32:43] [32minfo[39m : [90mPOST /api/v1/admin-subadmin[39m [33m401[39m [90m1ms[39m
[2026-03-16 15:34:02] [32minfo[39m : [90mPOST /api/v1/admin-subadmin[39m [33m401[39m [90m0ms[39m
[2026-03-16 15:34:15] [32minfo[39m : [90mPOST /api/v1/admin-subadmin[39m [33m401[39m [90m1ms[39m
[2026-03-16 15:35:13] [32minfo[39m : [90mPOST /api/v1/auth/login[39m [32m200[39m [90m121ms[39m
[2026-03-16 15:39:46] [32minfo[39m : [90mPOST /api/v1/auth/login[39m [32m200[39m [90m131ms[39m
[2026-03-16 15:44:24] [32minfo[39m : [90mPOST /api/v1/auth/login[39m [32m200[39m [90m119ms[39m
[2026-03-16 15:47:37] [32minfo[39m : [90mPOST /api/v1/auth/login[39m [32m200[39m [90m120ms[39m
[2026-03-16 15:53:24] [32minfo[39m : [90mPOST /api/v1/auth/login[39m [32m200[39m [90m126ms[39m
[2026-03-16 15:54:05] [32minfo[39m : [90mPOST /api/v1/auth/login[39m [32m200[39m [90m119ms[39m
[2026-03-16 15:54:31] [32minfo[39m : [90mPOST /api/v1/auth/login[39m [32m200[39m [90m121ms[39m
[2026-03-16 15:54:40] [32minfo[39m : [90mPOST /api/v1/admin-subadmin[39m [33m400[39m [90m4ms[39m
[2026-03-16 16:03:01] [32minfo[39m : [90mPOST /api/v1/admin-subadmin[39m [31m500[39m [90m251ms[39m
[2026-03-16 16:04:40] [32minfo[39m : [90mPOST /api/v1/admin-subadmin[39m [31m500[39m [90m216ms[39m
[2026-03-16 16:05:07] [32minfo[39m : [90mPOST /api/v1/admin-subadmin[39m [32m200[39m [90m242ms[39m
[2026-03-16 16:10:29] [32minfo[39m : [90mDELETE /api/v1/admin-subadmin[39m [31m500[39m [90m103ms[39m
[2026-03-16 16:12:23] [32minfo[39m : [90mDELETE /api/v1/admin-subadmin[39m [31m500[39m [90m115ms[39m
[2026-03-16 16:12:54] [32minfo[39m : [90mDELETE /api/v1/admin-subadmin[39m [32m200[39m [90m122ms[39m
[2026-03-16 16:13:00] [32minfo[39m : [90mDELETE /api/v1/admin-subadmin[39m [31m500[39m [90m11ms[39m
[2026-03-16 16:14:33] [32minfo[39m : [90mPOST /api/v1/auth/login[39m [32m200[39m [90m131ms[39m
[2026-03-16 16:14:40] [32minfo[39m : [90mDELETE /api/v1/admin-subadmin[39m [31m500[39m [90m12ms[39m
[2026-03-16 16:17:12] [32minfo[39m : [90mDELETE /api/v1/admin-subadmin[39m [32m200[39m [90m23ms[39m
[2026-03-16 16:17:45] [32minfo[39m : [90mPOST /api/v1/admin-subadmin[39m [32m200[39m [90m149ms[39m
[2026-03-16 16:17:57] [32minfo[39m : [90mPOST /api/v1/admin-subadmin[39m [32m200[39m [90m139ms[39m
[2026-03-16 16:18:11] [32minfo[39m : [90mPOST /api/v1/admin-subadmin[39m [32m200[39m [90m130ms[39m
[2026-03-16 16:18:23] [32minfo[39m : [90mPOST /api/v1/admin-subadmin[39m [32m200[39m [90m141ms[39m
[2026-03-16 16:18:31] [32minfo[39m : [90mPOST /api/v1/admin-subadmin[39m [32m200[39m [90m131ms[39m
[2026-03-16 16:18:38] [32minfo[39m : [90mPOST /api/v1/admin-subadmin[39m [32m200[39m [90m129ms[39m
[2026-03-16 16:18:46] [32minfo[39m : [90mPOST /api/v1/admin-subadmin[39m [32m200[39m [90m130ms[39m
[2026-03-16 16:18:54] [32minfo[39m : [90mPOST /api/v1/admin-subadmin[39m [32m200[39m [90m141ms[39m
[2026-03-16 16:19:03] [32minfo[39m : [90mPOST /api/v1/admin-subadmin[39m [32m200[39m [90m126ms[39m
[2026-03-16 16:19:22] [32minfo[39m : [90mPOST /api/v1/admin-subadmin[39m [32m200[39m [90m131ms[39m
[2026-03-16 16:19:32] [32minfo[39m : [90mPOST /api/v1/admin-subadmin[39m [32m200[39m [90m141ms[39m
[2026-03-16 16:20:07] [32minfo[39m : [90mGET /api/v1/admin-subadmin[39m [33m401[39m [90m1ms[39m
[2026-03-16 16:20:19] [32minfo[39m : [90mGET /api/v1/admin-subadmin[39m [32m200[39m [90m23ms[39m
[2026-03-16 16:22:53] [32minfo[39m : [90mGET /api/v1/admin-subadmin?page=2&limit=2[39m [32m200[39m [90m19ms[39m
[2026-03-16 16:23:03] [32minfo[39m : [90mGET /api/v1/admin-subadmin?page=2&limit=10[39m [32m200[39m [90m5ms[39m
[2026-03-16 16:23:19] [32minfo[39m : [90mGET /api/v1/admin-subadmin?page=1&limit=10[39m [32m200[39m [90m5ms[39m
[2026-03-16 16:30:09] [32minfo[39m : [90mPOST /api/v1/api/v1/auth/login[39m [32m200[39m [90m0ms[39m
[2026-03-16 16:31:05] [32minfo[39m : [90mPOST /api/v1/auth/login[39m [32m200[39m [90m120ms[39m
[2026-03-16 16:32:38] [32minfo[39m : [90mPOST /api/v1/admin-subadmin[39m [32m200[39m [90m128ms[39m
[2026-03-16 16:33:06] [32minfo[39m : [90mGET /api/v1/admin-subadmin[39m [32m200[39m [90m6ms[39m
[2026-03-16 16:33:48] [32minfo[39m : [90mGET /api/v1/admin-subadmin[39m [32m200[39m [90m4ms[39m
[2026-03-16 16:33:58] [32minfo[39m : [90mGET /api/v1/admin-subadmin[39m [32m200[39m [90m10ms[39m
[2026-03-16 16:42:13] [32minfo[39m : [90mGET /api/v1/user[39m [32m200[39m [90m86ms[39m
[2026-03-16 16:42:42] [32minfo[39m : [90mGET /api/v1/user[39m [32m200[39m [90m6ms[39m
[2026-03-16 16:49:23] [32minfo[39m : [90mPATCH /api/v1/user[39m [32m200[39m [90m424ms[39m
